c:\cpython-3.11.1\pcbuild\obj\311amd64_release\_multiprocessing\multiprocessing.obj
c:\cpython-3.11.1\pcbuild\obj\311amd64_release\_multiprocessing\semaphore.obj
c:\cpython-3.11.1\pcbuild\obj\311amd64_release\_multiprocessing\vc143.pdb
c:\cpython-3.11.1\pcbuild\amd64\_multiprocessing.pyd
c:\cpython-3.11.1\pcbuild\amd64\_multiprocessing.pdb
c:\cpython-3.11.1\pcbuild\obj\311amd64_release\_multiprocessing\_multiprocessing.iobj
c:\cpython-3.11.1\pcbuild\amd64\_multiprocessing.lib
c:\cpython-3.11.1\pcbuild\amd64\_multiprocessing.exp
c:\cpython-3.11.1\pcbuild\obj\311amd64_release\_multiprocessing\python_nt.res
c:\cpython-3.11.1\pcbuild\obj\311amd64_release\_multiprocessing\_multiprocessing.vcxproj.filelistabsolute.txt
c:\cpython-3.11.1\pcbuild\obj\311amd64_release\_multiprocessing\_multiprocessing.tlog\cl.110536.write.1.tlog
c:\cpython-3.11.1\pcbuild\obj\311amd64_release\_multiprocessing\_multiprocessing.tlog\cl.command.1.tlog
c:\cpython-3.11.1\pcbuild\obj\311amd64_release\_multiprocessing\_multiprocessing.tlog\cl.read.1.tlog
c:\cpython-3.11.1\pcbuild\obj\311amd64_release\_multiprocessing\_multiprocessing.tlog\link.command.1.tlog
c:\cpython-3.11.1\pcbuild\obj\311amd64_release\_multiprocessing\_multiprocessing.tlog\link.read.1.tlog
c:\cpython-3.11.1\pcbuild\obj\311amd64_release\_multiprocessing\_multiprocessing.tlog\link.write.1.tlog
c:\cpython-3.11.1\pcbuild\obj\311amd64_release\_multiprocessing\_multiprocessing.tlog\link.write.2u.tlog
c:\cpython-3.11.1\pcbuild\obj\311amd64_release\_multiprocessing\_multiprocessing.tlog\rc.command.1.tlog
c:\cpython-3.11.1\pcbuild\obj\311amd64_release\_multiprocessing\_multiprocessing.tlog\rc.read.1.tlog
c:\cpython-3.11.1\pcbuild\obj\311amd64_release\_multiprocessing\_multiprocessing.tlog\rc.write.1.tlog
