c:\cpython-3.11.1\pcbuild\obj\311amd64_release\_elementtree\xmlparse.obj
c:\cpython-3.11.1\pcbuild\obj\311amd64_release\_elementtree\_elementtree.obj
c:\cpython-3.11.1\pcbuild\obj\311amd64_release\_elementtree\xmltok.obj
c:\cpython-3.11.1\pcbuild\obj\311amd64_release\_elementtree\xmlrole.obj
c:\cpython-3.11.1\pcbuild\obj\311amd64_release\_elementtree\vc143.pdb
c:\cpython-3.11.1\pcbuild\amd64\_elementtree.pyd
c:\cpython-3.11.1\pcbuild\amd64\_elementtree.pdb
c:\cpython-3.11.1\pcbuild\obj\311amd64_release\_elementtree\_elementtree.iobj
c:\cpython-3.11.1\pcbuild\amd64\_elementtree.lib
c:\cpython-3.11.1\pcbuild\amd64\_elementtree.exp
c:\cpython-3.11.1\pcbuild\obj\311amd64_release\_elementtree\python_nt.res
c:\cpython-3.11.1\pcbuild\obj\311amd64_release\_elementtree\_elementtree.vcxproj.filelistabsolute.txt
c:\cpython-3.11.1\pcbuild\obj\311amd64_release\_elementtree\_elementtree.tlog\cl.141840.write.1.tlog
c:\cpython-3.11.1\pcbuild\obj\311amd64_release\_elementtree\_elementtree.tlog\cl.command.1.tlog
c:\cpython-3.11.1\pcbuild\obj\311amd64_release\_elementtree\_elementtree.tlog\cl.read.1.tlog
c:\cpython-3.11.1\pcbuild\obj\311amd64_release\_elementtree\_elementtree.tlog\link.command.1.tlog
c:\cpython-3.11.1\pcbuild\obj\311amd64_release\_elementtree\_elementtree.tlog\link.read.1.tlog
c:\cpython-3.11.1\pcbuild\obj\311amd64_release\_elementtree\_elementtree.tlog\link.write.1.tlog
c:\cpython-3.11.1\pcbuild\obj\311amd64_release\_elementtree\_elementtree.tlog\link.write.2u.tlog
c:\cpython-3.11.1\pcbuild\obj\311amd64_release\_elementtree\_elementtree.tlog\rc.command.1.tlog
c:\cpython-3.11.1\pcbuild\obj\311amd64_release\_elementtree\_elementtree.tlog\rc.read.1.tlog
c:\cpython-3.11.1\pcbuild\obj\311amd64_release\_elementtree\_elementtree.tlog\rc.write.1.tlog
