c:\cpython-3.11.1\pcbuild\obj\311amd64_release\_ctypes\callproc.obj
c:\cpython-3.11.1\pcbuild\obj\311amd64_release\_ctypes\stgdict.obj
c:\cpython-3.11.1\pcbuild\obj\311amd64_release\_ctypes\cfield.obj
c:\cpython-3.11.1\pcbuild\obj\311amd64_release\_ctypes\callbacks.obj
c:\cpython-3.11.1\pcbuild\obj\311amd64_release\_ctypes\malloc_closure.obj
c:\cpython-3.11.1\pcbuild\obj\311amd64_release\_ctypes\_ctypes.obj
c:\cpython-3.11.1\pcbuild\obj\311amd64_release\_ctypes\vc143.pdb
c:\cpython-3.11.1\pcbuild\amd64\_ctypes.pyd
c:\cpython-3.11.1\pcbuild\amd64\_ctypes.pdb
c:\cpython-3.11.1\pcbuild\obj\311amd64_release\_ctypes\_ctypes.iobj
c:\cpython-3.11.1\pcbuild\amd64\_ctypes.lib
c:\cpython-3.11.1\pcbuild\amd64\_ctypes.exp
c:\cpython-3.11.1\pcbuild\obj\311amd64_release\_ctypes\python_nt.res
c:\cpython-3.11.1\pcbuild\obj\311amd64_release\_ctypes\_ctypes.vcxproj.filelistabsolute.txt
c:\cpython-3.11.1\pcbuild\obj\311amd64_release\_ctypes\_ctypes.tlog\cl.123748.write.1.tlog
c:\cpython-3.11.1\pcbuild\obj\311amd64_release\_ctypes\_ctypes.tlog\cl.command.1.tlog
c:\cpython-3.11.1\pcbuild\obj\311amd64_release\_ctypes\_ctypes.tlog\cl.read.1.tlog
c:\cpython-3.11.1\pcbuild\obj\311amd64_release\_ctypes\_ctypes.tlog\link.command.1.tlog
c:\cpython-3.11.1\pcbuild\obj\311amd64_release\_ctypes\_ctypes.tlog\link.read.1.tlog
c:\cpython-3.11.1\pcbuild\obj\311amd64_release\_ctypes\_ctypes.tlog\link.write.1.tlog
c:\cpython-3.11.1\pcbuild\obj\311amd64_release\_ctypes\_ctypes.tlog\link.write.2u.tlog
c:\cpython-3.11.1\pcbuild\obj\311amd64_release\_ctypes\_ctypes.tlog\rc.command.1.tlog
c:\cpython-3.11.1\pcbuild\obj\311amd64_release\_ctypes\_ctypes.tlog\rc.read.1.tlog
c:\cpython-3.11.1\pcbuild\obj\311amd64_release\_ctypes\_ctypes.tlog\rc.write.1.tlog
