c:\cpython-3.11.1\pcbuild\obj\311amd64_release\pythoncore\vc143.pdb
c:\cpython-3.11.1\pcbuild\obj\311amd64_release\pythoncore\getpath.obj
c:\cpython-3.11.1\pcbuild\obj\311amd64_release\pythoncore\_codecsmodule.obj
c:\cpython-3.11.1\pcbuild\obj\311amd64_release\pythoncore\_opcode.obj
c:\cpython-3.11.1\pcbuild\obj\311amd64_release\pythoncore\_statisticsmodule.obj
c:\cpython-3.11.1\pcbuild\obj\311amd64_release\pythoncore\timemodule.obj
c:\cpython-3.11.1\pcbuild\obj\311amd64_release\pythoncore\_codecs_kr.obj
c:\cpython-3.11.1\pcbuild\obj\311amd64_release\pythoncore\exceptions.obj
c:\cpython-3.11.1\pcbuild\obj\311amd64_release\pythoncore\odictobject.obj
c:\cpython-3.11.1\pcbuild\obj\311amd64_release\pythoncore\pegen_errors.obj
c:\cpython-3.11.1\pcbuild\obj\311amd64_release\pythoncore\config.obj
c:\cpython-3.11.1\pcbuild\obj\311amd64_release\pythoncore\ceval.obj
c:\cpython-3.11.1\pcbuild\obj\311amd64_release\pythoncore\initconfig.obj
c:\cpython-3.11.1\pcbuild\obj\311amd64_release\pythoncore\zlibmodule.obj
c:\cpython-3.11.1\pcbuild\obj\311amd64_release\pythoncore\_bisectmodule.obj
c:\cpython-3.11.1\pcbuild\obj\311amd64_release\pythoncore\sha3module.obj
c:\cpython-3.11.1\pcbuild\obj\311amd64_release\pythoncore\arraymodule.obj
c:\cpython-3.11.1\pcbuild\obj\311amd64_release\pythoncore\itertoolsmodule.obj
c:\cpython-3.11.1\pcbuild\obj\311amd64_release\pythoncore\stringio.obj
c:\cpython-3.11.1\pcbuild\obj\311amd64_release\pythoncore\bytearrayobject.obj
c:\cpython-3.11.1\pcbuild\obj\311amd64_release\pythoncore\genericaliasobject.obj
c:\cpython-3.11.1\pcbuild\obj\311amd64_release\pythoncore\tupleobject.obj
c:\cpython-3.11.1\pcbuild\obj\311amd64_release\pythoncore\msvcrtmodule.obj
c:\cpython-3.11.1\pcbuild\obj\311amd64_release\pythoncore\getcompiler.obj
c:\cpython-3.11.1\pcbuild\obj\311amd64_release\pythoncore\modsupport.obj
c:\cpython-3.11.1\pcbuild\obj\311amd64_release\pythoncore\pytime.obj
c:\cpython-3.11.1\pcbuild\obj\311amd64_release\pythoncore\_localemodule.obj
c:\cpython-3.11.1\pcbuild\obj\311amd64_release\pythoncore\audioop.obj
c:\cpython-3.11.1\pcbuild\obj\311amd64_release\pythoncore\mmapmodule.obj
c:\cpython-3.11.1\pcbuild\obj\311amd64_release\pythoncore\_codecs_iso2022.obj
c:\cpython-3.11.1\pcbuild\obj\311amd64_release\pythoncore\abstract.obj
c:\cpython-3.11.1\pcbuild\obj\311amd64_release\pythoncore\frameobject.obj
c:\cpython-3.11.1\pcbuild\obj\311amd64_release\pythoncore\sliceobject.obj
c:\cpython-3.11.1\pcbuild\obj\311amd64_release\pythoncore\invalid_parameter_handler.obj
c:\cpython-3.11.1\pcbuild\obj\311amd64_release\pythoncore\_warnings.obj
c:\cpython-3.11.1\pcbuild\obj\311amd64_release\pythoncore\frame.obj
c:\cpython-3.11.1\pcbuild\obj\311amd64_release\pythoncore\pymath.obj
c:\cpython-3.11.1\pcbuild\obj\311amd64_release\pythoncore\python-ast.obj
c:\cpython-3.11.1\pcbuild\obj\311amd64_release\pythoncore\_pickle.obj
c:\cpython-3.11.1\pcbuild\obj\311amd64_release\pythoncore\main.obj
c:\cpython-3.11.1\pcbuild\obj\311amd64_release\pythoncore\iobase.obj
c:\cpython-3.11.1\pcbuild\obj\311amd64_release\pythoncore\bytes_methods.obj
c:\cpython-3.11.1\pcbuild\obj\311amd64_release\pythoncore\fileobject.obj
c:\cpython-3.11.1\pcbuild\obj\311amd64_release\pythoncore\namespaceobject.obj
c:\cpython-3.11.1\pcbuild\obj\311amd64_release\pythoncore\rangeobject.obj
c:\cpython-3.11.1\pcbuild\obj\311amd64_release\pythoncore\action_helpers.obj
c:\cpython-3.11.1\pcbuild\obj\311amd64_release\pythoncore\pyhash.obj
c:\cpython-3.11.1\pcbuild\obj\311amd64_release\pythoncore\compile.obj
c:\cpython-3.11.1\pcbuild\obj\311amd64_release\pythoncore\importdl.obj
c:\cpython-3.11.1\pcbuild\obj\311amd64_release\pythoncore\structmember.obj
c:\cpython-3.11.1\pcbuild\obj\311amd64_release\pythoncore\inffast.obj
c:\cpython-3.11.1\pcbuild\obj\311amd64_release\pythoncore\dl_nt.obj
c:\cpython-3.11.1\pcbuild\obj\311amd64_release\pythoncore\_heapqmodule.obj
c:\cpython-3.11.1\pcbuild\obj\311amd64_release\pythoncore\_struct.obj
c:\cpython-3.11.1\pcbuild\obj\311amd64_release\pythoncore\atexitmodule.obj
c:\cpython-3.11.1\pcbuild\obj\311amd64_release\pythoncore\signalmodule.obj
c:\cpython-3.11.1\pcbuild\obj\311amd64_release\pythoncore\_codecs_hk.obj
c:\cpython-3.11.1\pcbuild\obj\311amd64_release\pythoncore\cellobject.obj
c:\cpython-3.11.1\pcbuild\obj\311amd64_release\pythoncore\iterobject.obj
c:\cpython-3.11.1\pcbuild\obj\311amd64_release\pythoncore\unicodeobject.obj
c:\cpython-3.11.1\pcbuild\obj\311amd64_release\pythoncore\fileutils.obj
c:\cpython-3.11.1\pcbuild\obj\311amd64_release\pythoncore\marshal.obj
c:\cpython-3.11.1\pcbuild\obj\311amd64_release\pythoncore\adler32.obj
c:\cpython-3.11.1\pcbuild\obj\311amd64_release\pythoncore\infback.obj
c:\cpython-3.11.1\pcbuild\obj\311amd64_release\pythoncore\trees.obj
c:\cpython-3.11.1\pcbuild\obj\311amd64_release\pythoncore\_abc.obj
c:\cpython-3.11.1\pcbuild\obj\311amd64_release\pythoncore\cmathmodule.obj
c:\cpython-3.11.1\pcbuild\obj\311amd64_release\pythoncore\posixmodule.obj
c:\cpython-3.11.1\pcbuild\obj\311amd64_release\pythoncore\call.obj
c:\cpython-3.11.1\pcbuild\obj\311amd64_release\pythoncore\genobject.obj
c:\cpython-3.11.1\pcbuild\obj\311amd64_release\pythoncore\typeobject.obj
c:\cpython-3.11.1\pcbuild\obj\311amd64_release\pythoncore\bltinmodule.obj
c:\cpython-3.11.1\pcbuild\obj\311amd64_release\pythoncore\getcopyright.obj
c:\cpython-3.11.1\pcbuild\obj\311amd64_release\pythoncore\pyarena.obj
c:\cpython-3.11.1\pcbuild\obj\311amd64_release\pythoncore\pystrhex.obj
c:\cpython-3.11.1\pcbuild\obj\311amd64_release\pythoncore\pythonrun.obj
c:\cpython-3.11.1\pcbuild\obj\311amd64_release\pythoncore\_contextvarsmodule.obj
c:\cpython-3.11.1\pcbuild\obj\311amd64_release\pythoncore\_stat.obj
c:\cpython-3.11.1\pcbuild\obj\311amd64_release\pythoncore\symtablemodule.obj
c:\cpython-3.11.1\pcbuild\obj\311amd64_release\pythoncore\_typingmodule.obj
c:\cpython-3.11.1\pcbuild\obj\311amd64_release\pythoncore\textio.obj
c:\cpython-3.11.1\pcbuild\obj\311amd64_release\pythoncore\classobject.obj
c:\cpython-3.11.1\pcbuild\obj\311amd64_release\pythoncore\moduleobject.obj
c:\cpython-3.11.1\pcbuild\obj\311amd64_release\pythoncore\token.obj
c:\cpython-3.11.1\pcbuild\obj\311amd64_release\pythoncore\string_parser.obj
c:\cpython-3.11.1\pcbuild\obj\311amd64_release\pythoncore\ast.obj
c:\cpython-3.11.1\pcbuild\obj\311amd64_release\pythoncore\frozen.obj
c:\cpython-3.11.1\pcbuild\obj\311amd64_release\pythoncore\getversion.obj
c:\cpython-3.11.1\pcbuild\obj\311amd64_release\pythoncore\pathconfig.obj
c:\cpython-3.11.1\pcbuild\obj\311amd64_release\pythoncore\_lsprof.obj
c:\cpython-3.11.1\pcbuild\obj\311amd64_release\pythoncore\gcmodule.obj
c:\cpython-3.11.1\pcbuild\obj\311amd64_release\pythoncore\_xxsubinterpretersmodule.obj
c:\cpython-3.11.1\pcbuild\obj\311amd64_release\pythoncore\_codecs_tw.obj
c:\cpython-3.11.1\pcbuild\obj\311amd64_release\pythoncore\dictobject.obj
c:\cpython-3.11.1\pcbuild\obj\311amd64_release\pythoncore\methodobject.obj
c:\cpython-3.11.1\pcbuild\obj\311amd64_release\pythoncore\tokenizer.obj
c:\cpython-3.11.1\pcbuild\obj\311amd64_release\pythoncore\dynload_win.obj
c:\cpython-3.11.1\pcbuild\obj\311amd64_release\pythoncore\hashtable.obj
c:\cpython-3.11.1\pcbuild\obj\311amd64_release\pythoncore\pyfpe.obj
c:\cpython-3.11.1\pcbuild\obj\311amd64_release\pythoncore\pystate.obj
c:\cpython-3.11.1\pcbuild\obj\311amd64_release\pythoncore\_randommodule.obj
c:\cpython-3.11.1\pcbuild\obj\311amd64_release\pythoncore\_weakref.obj
c:\cpython-3.11.1\pcbuild\obj\311amd64_release\pythoncore\rotatingtree.obj
c:\cpython-3.11.1\pcbuild\obj\311amd64_release\pythoncore\sha1module.obj
c:\cpython-3.11.1\pcbuild\obj\311amd64_release\pythoncore\_tracemalloc.obj
c:\cpython-3.11.1\pcbuild\obj\311amd64_release\pythoncore\multibytecodec.obj
c:\cpython-3.11.1\pcbuild\obj\311amd64_release\pythoncore\codeobject.obj
c:\cpython-3.11.1\pcbuild\obj\311amd64_release\pythoncore\longobject.obj
c:\cpython-3.11.1\pcbuild\obj\311amd64_release\pythoncore\unionobject.obj
c:\cpython-3.11.1\pcbuild\obj\311amd64_release\pythoncore\ast_unparse.obj
c:\cpython-3.11.1\pcbuild\obj\311amd64_release\pythoncore\future.obj
c:\cpython-3.11.1\pcbuild\obj\311amd64_release\pythoncore\mystrtoul.obj
c:\cpython-3.11.1\pcbuild\obj\311amd64_release\pythoncore\thread.obj
c:\cpython-3.11.1\pcbuild\obj\311amd64_release\pythoncore\_collectionsmodule.obj
c:\cpython-3.11.1\pcbuild\obj\311amd64_release\pythoncore\faulthandler.obj
c:\cpython-3.11.1\pcbuild\obj\311amd64_release\pythoncore\fileio.obj
c:\cpython-3.11.1\pcbuild\obj\311amd64_release\pythoncore\boolobject.obj
c:\cpython-3.11.1\pcbuild\obj\311amd64_release\pythoncore\funcobject.obj
c:\cpython-3.11.1\pcbuild\obj\311amd64_release\pythoncore\structseq.obj
c:\cpython-3.11.1\pcbuild\obj\311amd64_release\pythoncore\asdl.obj
c:\cpython-3.11.1\pcbuild\obj\311amd64_release\pythoncore\dynamic_annotations.obj
c:\cpython-3.11.1\pcbuild\obj\311amd64_release\pythoncore\mysnprintf.obj
c:\cpython-3.11.1\pcbuild\obj\311amd64_release\pythoncore\pylifecycle.obj
c:\cpython-3.11.1\pcbuild\obj\311amd64_release\pythoncore\_json.obj
c:\cpython-3.11.1\pcbuild\obj\311amd64_release\pythoncore\_datetimemodule.obj
c:\cpython-3.11.1\pcbuild\obj\311amd64_release\pythoncore\xxsubtype.obj
c:\cpython-3.11.1\pcbuild\obj\311amd64_release\pythoncore\_iomodule.obj
c:\cpython-3.11.1\pcbuild\obj\311amd64_release\pythoncore\capsule.obj
c:\cpython-3.11.1\pcbuild\obj\311amd64_release\pythoncore\floatobject.obj
c:\cpython-3.11.1\pcbuild\obj\311amd64_release\pythoncore\picklebufobject.obj
c:\cpython-3.11.1\pcbuild\obj\311amd64_release\pythoncore\setobject.obj
c:\cpython-3.11.1\pcbuild\obj\311amd64_release\pythoncore\peg_api.obj
c:\cpython-3.11.1\pcbuild\obj\311amd64_release\pythoncore\ast_opt.obj
c:\cpython-3.11.1\pcbuild\obj\311amd64_release\pythoncore\getargs.obj
c:\cpython-3.11.1\pcbuild\obj\311amd64_release\pythoncore\dtoa.obj
c:\cpython-3.11.1\pcbuild\obj\311amd64_release\pythoncore\traceback.obj
c:\cpython-3.11.1\pcbuild\obj\311amd64_release\pythoncore\blake2b_impl.obj
c:\cpython-3.11.1\pcbuild\obj\311amd64_release\pythoncore\_operator.obj
c:\cpython-3.11.1\pcbuild\obj\311amd64_release\pythoncore\winconsoleio.obj
c:\cpython-3.11.1\pcbuild\obj\311amd64_release\pythoncore\complexobject.obj
c:\cpython-3.11.1\pcbuild\obj\311amd64_release\pythoncore\listobject.obj
c:\cpython-3.11.1\pcbuild\obj\311amd64_release\pythoncore\myreadline.obj
c:\cpython-3.11.1\pcbuild\obj\311amd64_release\pythoncore\codecs.obj
c:\cpython-3.11.1\pcbuild\obj\311amd64_release\pythoncore\getplatform.obj
c:\cpython-3.11.1\pcbuild\obj\311amd64_release\pythoncore\pyctype.obj
c:\cpython-3.11.1\pcbuild\obj\311amd64_release\pythoncore\pystrtod.obj
c:\cpython-3.11.1\pcbuild\obj\311amd64_release\pythoncore\specialize.obj
c:\cpython-3.11.1\pcbuild\obj\311amd64_release\pythoncore\_functoolsmodule.obj
c:\cpython-3.11.1\pcbuild\obj\311amd64_release\pythoncore\errnomodule.obj
c:\cpython-3.11.1\pcbuild\obj\311amd64_release\pythoncore\_threadmodule.obj
c:\cpython-3.11.1\pcbuild\obj\311amd64_release\pythoncore\_codecs_jp.obj
c:\cpython-3.11.1\pcbuild\obj\311amd64_release\pythoncore\descrobject.obj
c:\cpython-3.11.1\pcbuild\obj\311amd64_release\pythoncore\object.obj
c:\cpython-3.11.1\pcbuild\obj\311amd64_release\pythoncore\weakrefobject.obj
c:\cpython-3.11.1\pcbuild\obj\311amd64_release\pythoncore\bootstrap_hash.obj
c:\cpython-3.11.1\pcbuild\obj\311amd64_release\pythoncore\import.obj
c:\cpython-3.11.1\pcbuild\obj\311amd64_release\pythoncore\symtable.obj
c:\cpython-3.11.1\pcbuild\obj\311amd64_release\pythoncore\_csv.obj
c:\cpython-3.11.1\pcbuild\obj\311amd64_release\pythoncore\sre.obj
c:\cpython-3.11.1\pcbuild\obj\311amd64_release\pythoncore\sha256module.obj
c:\cpython-3.11.1\pcbuild\obj\311amd64_release\pythoncore\bufferedio.obj
c:\cpython-3.11.1\pcbuild\obj\311amd64_release\pythoncore\bytesobject.obj
c:\cpython-3.11.1\pcbuild\obj\311amd64_release\pythoncore\interpreteridobject.obj
c:\cpython-3.11.1\pcbuild\obj\311amd64_release\pythoncore\unicodectype.obj
c:\cpython-3.11.1\pcbuild\obj\311amd64_release\pythoncore\parser.obj
c:\cpython-3.11.1\pcbuild\obj\311amd64_release\pythoncore\context.obj
c:\cpython-3.11.1\pcbuild\obj\311amd64_release\pythoncore\getopt.obj
c:\cpython-3.11.1\pcbuild\obj\311amd64_release\pythoncore\preconfig.obj
c:\cpython-3.11.1\pcbuild\obj\311amd64_release\pythoncore\deepfreeze.obj
c:\cpython-3.11.1\pcbuild\obj\311amd64_release\pythoncore\blake2module.obj
c:\cpython-3.11.1\pcbuild\obj\311amd64_release\pythoncore\mathmodule.obj
c:\cpython-3.11.1\pcbuild\obj\311amd64_release\pythoncore\_codecs_cn.obj
c:\cpython-3.11.1\pcbuild\obj\311amd64_release\pythoncore\_winapi.obj
c:\cpython-3.11.1\pcbuild\obj\311amd64_release\pythoncore\obmalloc.obj
c:\cpython-3.11.1\pcbuild\obj\311amd64_release\pythoncore\winreg.obj
c:\cpython-3.11.1\pcbuild\obj\311amd64_release\pythoncore\formatter_unicode.obj
c:\cpython-3.11.1\pcbuild\obj\311amd64_release\pythoncore\pystrcmp.obj
c:\cpython-3.11.1\pcbuild\obj\311amd64_release\pythoncore\python-tokenize.obj
c:\cpython-3.11.1\pcbuild\obj\311amd64_release\pythoncore\compress.obj
c:\cpython-3.11.1\pcbuild\obj\311amd64_release\pythoncore\crc32.obj
c:\cpython-3.11.1\pcbuild\obj\311amd64_release\pythoncore\inftrees.obj
c:\cpython-3.11.1\pcbuild\obj\311amd64_release\pythoncore\zutil.obj
c:\cpython-3.11.1\pcbuild\obj\311amd64_release\pythoncore\blake2s_impl.obj
c:\cpython-3.11.1\pcbuild\obj\311amd64_release\pythoncore\md5module.obj
c:\cpython-3.11.1\pcbuild\obj\311amd64_release\pythoncore\sha512module.obj
c:\cpython-3.11.1\pcbuild\obj\311amd64_release\pythoncore\bytesio.obj
c:\cpython-3.11.1\pcbuild\obj\311amd64_release\pythoncore\accu.obj
c:\cpython-3.11.1\pcbuild\obj\311amd64_release\pythoncore\enumobject.obj
c:\cpython-3.11.1\pcbuild\obj\311amd64_release\pythoncore\memoryobject.obj
c:\cpython-3.11.1\pcbuild\obj\311amd64_release\pythoncore\pegen.obj
c:\cpython-3.11.1\pcbuild\obj\311amd64_release\pythoncore\errors.obj
c:\cpython-3.11.1\pcbuild\obj\311amd64_release\pythoncore\hamt.obj
c:\cpython-3.11.1\pcbuild\obj\311amd64_release\pythoncore\suggestions.obj
c:\cpython-3.11.1\pcbuild\obj\311amd64_release\pythoncore\inflate.obj
c:\cpython-3.11.1\pcbuild\obj\311amd64_release\pythoncore\uncompr.obj
c:\cpython-3.11.1\pcbuild\obj\311amd64_release\pythoncore\binascii.obj
c:\cpython-3.11.1\pcbuild\obj\311amd64_release\pythoncore\getbuildinfo.obj
c:\cpython-3.11.1\pcbuild\obj\311amd64_release\pythoncore\sysmodule.obj
c:\cpython-3.11.1\pcbuild\obj\311amd64_release\pythoncore\deflate.obj
c:\cpython-3.11.1\pcbuild\amd64\python311.dll
c:\cpython-3.11.1\pcbuild\amd64\python311.pdb
c:\cpython-3.11.1\pcbuild\obj\311amd64_release\pythoncore\python311.iobj
c:\cpython-3.11.1\pcbuild\amd64\python311.lib
c:\cpython-3.11.1\pcbuild\amd64\python311.exp
c:\cpython-3.11.1\pcbuild\obj\311amd64_release\pythoncore\python_nt.res
c:\cpython-3.11.1\pcbuild\obj\311amd64_release\pythoncore\pythoncore.vcxproj.filelistabsolute.txt
c:\cpython-3.11.1\pcbuild\obj\311amd64_release\pythoncore\pythoncore.tlog\cl.command.1.tlog
c:\cpython-3.11.1\pcbuild\obj\311amd64_release\pythoncore\pythoncore.tlog\cl.read.1.tlog
c:\cpython-3.11.1\pcbuild\obj\311amd64_release\pythoncore\pythoncore.tlog\cl.write.1.tlog
c:\cpython-3.11.1\pcbuild\obj\311amd64_release\pythoncore\pythoncore.tlog\link.command.1.tlog
c:\cpython-3.11.1\pcbuild\obj\311amd64_release\pythoncore\pythoncore.tlog\link.read.1.tlog
c:\cpython-3.11.1\pcbuild\obj\311amd64_release\pythoncore\pythoncore.tlog\link.write.1.tlog
c:\cpython-3.11.1\pcbuild\obj\311amd64_release\pythoncore\pythoncore.tlog\link.write.2u.tlog
c:\cpython-3.11.1\pcbuild\obj\311amd64_release\pythoncore\pythoncore.tlog\rc.command.1.tlog
c:\cpython-3.11.1\pcbuild\obj\311amd64_release\pythoncore\pythoncore.tlog\rc.read.1.tlog
c:\cpython-3.11.1\pcbuild\obj\311amd64_release\pythoncore\pythoncore.tlog\rc.write.1.tlog
