  _freeze_module.c
  config_minimal.c
  atexitmodule.c
  faulthandler.c
  gcmodule.c
  getbuildinfo.c
  getpath_noop.c
  posixmodule.c
  signalmodule.c
  _tracemalloc.c
  _iomodule.c
  bufferedio.c
  bytesio.c
  fileio.c
  iobase.c
  stringio.c
  textio.c
  winconsoleio.c
  abstract.c
  accu.c
  boolobject.c
  bytearrayobject.c
  bytes_methods.c
  bytesobject.c
  call.c
  capsule.c
  cellobject.c
  classobject.c
  codeobject.c
  complexobject.c
  descrobject.c
  dictobject.c
  enumobject.c
  exceptions.c
  fileobject.c
  floatobject.c
  frameobject.c
  funcobject.c
  genericaliasobject.c
  genobject.c
  interpreteridobject.c
  iterobject.c
  listobject.c
  longobject.c
  memoryobject.c
  methodobject.c
  moduleobject.c
  namespaceobject.c
  object.c
  obmalloc.c
  odictobject.c
  picklebufobject.c
  rangeobject.c
  setobject.c
  sliceobject.c
  structseq.c
  tupleobject.c
  typeobject.c
  unicodectype.c
  unicodeobject.c
  unionobject.c
  weakrefobject.c
  myreadline.c
  parser.c
  peg_api.c
  pegen.c
  pegen_errors.c
  action_helpers.c
  string_parser.c
  token.c
  tokenizer.c
  invalid_parameter_handler.c
  msvcrtmodule.c
  winreg.c
  _warnings.c
  asdl.c
  ast.c
  ast_opt.c
  ast_unparse.c
  bltinmodule.c
  bootstrap_hash.c
  ceval.c
  codecs.c
  compile.c
  context.c
  dtoa.c
  dynamic_annotations.c
  dynload_win.c
  errors.c
  fileutils.c
  formatter_unicode.c
  frame.c
  future.c
  getargs.c
  getcompiler.c
  getcopyright.c
  getopt.c
  getplatform.c
  getversion.c
  hamt.c
  hashtable.c
  import.c
  importdl.c
  initconfig.c
  marshal.c
  modsupport.c
  mysnprintf.c
  mystrtoul.c
  pathconfig.c
  preconfig.c
  pyarena.c
  pyctype.c
  pyfpe.c
  pyhash.c
  pylifecycle.c
  pymath.c
  pystate.c
  pystrcmp.c
  pystrhex.c
  pystrtod.c
  Python-ast.c
  pythonrun.c
  Python-tokenize.c
  pytime.c
  specialize.c
  structmember.c
  suggestions.c
  symtable.c
  thread.c
  traceback.c
  sysmodule.c
     Creando biblioteca C:\cpython-3.11.1\PCbuild\amd64\_freeze_module.lib y objeto C:\cpython-3.11.1\PCbuild\amd64\_freeze_module.exp
  _freeze_module.vcxproj -> C:\cpython-3.11.1\PCbuild\amd64\_freeze_module.exe
  Updated files: importlib._bootstrap.h, importlib._bootstrap_external.h, zipimport.h, abc.h, codecs.h, io.h, _collections_abc.h, _sitebuiltins.h, genericpath.h, ntpath.h, posixpath.h, os.h, site.h, stat.h, importlib.util.h, importlib.machinery.h, runpy.h, __hello__.h, __phello__.h, __phello__.ham.h, __phello__.ham.eggs.h, __phello__.spam.h, frozen_only.h
  Updated files: getpath.h
  "C:\cpython-3.11.1\PCbuild\\..\externals\pythonx86\tools\python.exe"
  Using PythonForBuild="C:\cpython-3.11.1\PCbuild\\..\externals\pythonx86\tools\python.exe"
