c:\cpython-3.11.1\pcbuild\obj\311amd64_release\_tkinter\tkappinit.obj
c:\cpython-3.11.1\pcbuild\obj\311amd64_release\_tkinter\_tkinter.obj
c:\cpython-3.11.1\pcbuild\obj\311amd64_release\_tkinter\vc143.pdb
c:\cpython-3.11.1\pcbuild\amd64\_tkinter.pyd
c:\cpython-3.11.1\pcbuild\amd64\_tkinter.pdb
c:\cpython-3.11.1\pcbuild\obj\311amd64_release\_tkinter\_tkinter.iobj
c:\cpython-3.11.1\pcbuild\amd64\_tkinter.lib
c:\cpython-3.11.1\pcbuild\amd64\_tkinter.exp
c:\cpython-3.11.1\pcbuild\obj\311amd64_release\_tkinter\python_nt.res
c:\cpython-3.11.1\pcbuild\obj\311amd64_release\_tkinter\_tkinter.vcxproj.filelistabsolute.txt
c:\cpython-3.11.1\pcbuild\obj\311amd64_release\_tkinter\_tkinter.tlog\cl.127516.write.1.tlog
c:\cpython-3.11.1\pcbuild\obj\311amd64_release\_tkinter\_tkinter.tlog\cl.command.1.tlog
c:\cpython-3.11.1\pcbuild\obj\311amd64_release\_tkinter\_tkinter.tlog\cl.read.1.tlog
c:\cpython-3.11.1\pcbuild\obj\311amd64_release\_tkinter\_tkinter.tlog\link.command.1.tlog
c:\cpython-3.11.1\pcbuild\obj\311amd64_release\_tkinter\_tkinter.tlog\link.read.1.tlog
c:\cpython-3.11.1\pcbuild\obj\311amd64_release\_tkinter\_tkinter.tlog\link.write.1.tlog
c:\cpython-3.11.1\pcbuild\obj\311amd64_release\_tkinter\_tkinter.tlog\link.write.2u.tlog
c:\cpython-3.11.1\pcbuild\obj\311amd64_release\_tkinter\_tkinter.tlog\rc.command.1.tlog
c:\cpython-3.11.1\pcbuild\obj\311amd64_release\_tkinter\_tkinter.tlog\rc.read.1.tlog
c:\cpython-3.11.1\pcbuild\obj\311amd64_release\_tkinter\_tkinter.tlog\rc.write.1.tlog
