c:\cpython-3.11.1\pcbuild\obj\311amd64_release\_decimal\_decimal.obj
c:\cpython-3.11.1\pcbuild\obj\311amd64_release\_decimal\constants.obj
c:\cpython-3.11.1\pcbuild\obj\311amd64_release\_decimal\sixstep.obj
c:\cpython-3.11.1\pcbuild\obj\311amd64_release\_decimal\numbertheory.obj
c:\cpython-3.11.1\pcbuild\obj\311amd64_release\_decimal\transpose.obj
c:\cpython-3.11.1\pcbuild\obj\311amd64_release\_decimal\crt.obj
c:\cpython-3.11.1\pcbuild\obj\311amd64_release\_decimal\context.obj
c:\cpython-3.11.1\pcbuild\obj\311amd64_release\_decimal\convolute.obj
c:\cpython-3.11.1\pcbuild\obj\311amd64_release\_decimal\fnt.obj
c:\cpython-3.11.1\pcbuild\obj\311amd64_release\_decimal\difradix2.obj
c:\cpython-3.11.1\pcbuild\obj\311amd64_release\_decimal\fourstep.obj
c:\cpython-3.11.1\pcbuild\obj\311amd64_release\_decimal\basearith.obj
c:\cpython-3.11.1\pcbuild\obj\311amd64_release\_decimal\mpdecimal.obj
c:\cpython-3.11.1\pcbuild\obj\311amd64_release\_decimal\io.obj
c:\cpython-3.11.1\pcbuild\obj\311amd64_release\_decimal\mpalloc.obj
c:\cpython-3.11.1\pcbuild\obj\311amd64_release\_decimal\vc143.pdb
c:\cpython-3.11.1\pcbuild\obj\311amd64_release\_decimal\vcdiv64.obj
c:\cpython-3.11.1\pcbuild\amd64\_decimal.pyd
c:\cpython-3.11.1\pcbuild\amd64\_decimal.pdb
c:\cpython-3.11.1\pcbuild\obj\311amd64_release\_decimal\_decimal.iobj
c:\cpython-3.11.1\pcbuild\amd64\_decimal.lib
c:\cpython-3.11.1\pcbuild\amd64\_decimal.exp
c:\cpython-3.11.1\pcbuild\obj\311amd64_release\_decimal\python_nt.res
c:\cpython-3.11.1\pcbuild\obj\311amd64_release\_decimal\_decimal.vcxproj.filelistabsolute.txt
c:\cpython-3.11.1\pcbuild\obj\311amd64_release\_decimal\_decimal.tlog\cl.109040.write.1.tlog
c:\cpython-3.11.1\pcbuild\obj\311amd64_release\_decimal\_decimal.tlog\cl.command.1.tlog
c:\cpython-3.11.1\pcbuild\obj\311amd64_release\_decimal\_decimal.tlog\cl.read.1.tlog
c:\cpython-3.11.1\pcbuild\obj\311amd64_release\_decimal\_decimal.tlog\custombuild.command.1.tlog
c:\cpython-3.11.1\pcbuild\obj\311amd64_release\_decimal\_decimal.tlog\custombuild.read.1.tlog
c:\cpython-3.11.1\pcbuild\obj\311amd64_release\_decimal\_decimal.tlog\custombuild.write.1.tlog
c:\cpython-3.11.1\pcbuild\obj\311amd64_release\_decimal\_decimal.tlog\link.command.1.tlog
c:\cpython-3.11.1\pcbuild\obj\311amd64_release\_decimal\_decimal.tlog\link.read.1.tlog
c:\cpython-3.11.1\pcbuild\obj\311amd64_release\_decimal\_decimal.tlog\link.write.1.tlog
c:\cpython-3.11.1\pcbuild\obj\311amd64_release\_decimal\_decimal.tlog\link.write.2u.tlog
c:\cpython-3.11.1\pcbuild\obj\311amd64_release\_decimal\_decimal.tlog\rc.command.1.tlog
c:\cpython-3.11.1\pcbuild\obj\311amd64_release\_decimal\_decimal.tlog\rc.read.1.tlog
c:\cpython-3.11.1\pcbuild\obj\311amd64_release\_decimal\_decimal.tlog\rc.write.1.tlog
