c:\cpython-3.11.1\pcbuild\obj\311amd64_release\_freeze_module\vc143.pdb
c:\cpython-3.11.1\pcbuild\obj\311amd64_release\_freeze_module\sysmodule.obj
c:\cpython-3.11.1\pcbuild\obj\311amd64_release\_freeze_module\fileio.obj
c:\cpython-3.11.1\pcbuild\obj\311amd64_release\_freeze_module\descrobject.obj
c:\cpython-3.11.1\pcbuild\obj\311amd64_release\_freeze_module\moduleobject.obj
c:\cpython-3.11.1\pcbuild\obj\311amd64_release\_freeze_module\peg_api.obj
c:\cpython-3.11.1\pcbuild\obj\311amd64_release\_freeze_module\tokenizer.obj
c:\cpython-3.11.1\pcbuild\obj\311amd64_release\_freeze_module\fileutils.obj
c:\cpython-3.11.1\pcbuild\obj\311amd64_release\_freeze_module\pyarena.obj
c:\cpython-3.11.1\pcbuild\obj\311amd64_release\_freeze_module\pystrtod.obj
c:\cpython-3.11.1\pcbuild\obj\311amd64_release\_freeze_module\posixmodule.obj
c:\cpython-3.11.1\pcbuild\obj\311amd64_release\_freeze_module\genobject.obj
c:\cpython-3.11.1\pcbuild\obj\311amd64_release\_freeze_module\structseq.obj
c:\cpython-3.11.1\pcbuild\obj\311amd64_release\_freeze_module\msvcrtmodule.obj
c:\cpython-3.11.1\pcbuild\obj\311amd64_release\_freeze_module\getversion.obj
c:\cpython-3.11.1\pcbuild\obj\311amd64_release\_freeze_module\preconfig.obj
c:\cpython-3.11.1\pcbuild\obj\311amd64_release\_freeze_module\symtable.obj
c:\cpython-3.11.1\pcbuild\obj\311amd64_release\_freeze_module\getbuildinfo.obj
c:\cpython-3.11.1\pcbuild\obj\311amd64_release\_freeze_module\abstract.obj
c:\cpython-3.11.1\pcbuild\obj\311amd64_release\_freeze_module\frameobject.obj
c:\cpython-3.11.1\pcbuild\obj\311amd64_release\_freeze_module\picklebufobject.obj
c:\cpython-3.11.1\pcbuild\obj\311amd64_release\_freeze_module\unionobject.obj
c:\cpython-3.11.1\pcbuild\obj\311amd64_release\_freeze_module\compile.obj
c:\cpython-3.11.1\pcbuild\obj\311amd64_release\_freeze_module\import.obj
c:\cpython-3.11.1\pcbuild\obj\311amd64_release\_freeze_module\structmember.obj
c:\cpython-3.11.1\pcbuild\obj\311amd64_release\_freeze_module\_tracemalloc.obj
c:\cpython-3.11.1\pcbuild\obj\311amd64_release\_freeze_module\enumobject.obj
c:\cpython-3.11.1\pcbuild\obj\311amd64_release\_freeze_module\obmalloc.obj
c:\cpython-3.11.1\pcbuild\obj\311amd64_release\_freeze_module\winreg.obj
c:\cpython-3.11.1\pcbuild\obj\311amd64_release\_freeze_module\formatter_unicode.obj
c:\cpython-3.11.1\pcbuild\obj\311amd64_release\_freeze_module\pyhash.obj
c:\cpython-3.11.1\pcbuild\obj\311amd64_release\_freeze_module\python-ast.obj
c:\cpython-3.11.1\pcbuild\obj\311amd64_release\_freeze_module\_iomodule.obj
c:\cpython-3.11.1\pcbuild\obj\311amd64_release\_freeze_module\call.obj
c:\cpython-3.11.1\pcbuild\obj\311amd64_release\_freeze_module\iterobject.obj
c:\cpython-3.11.1\pcbuild\obj\311amd64_release\_freeze_module\tupleobject.obj
c:\cpython-3.11.1\pcbuild\obj\311amd64_release\_freeze_module\ast_opt.obj
c:\cpython-3.11.1\pcbuild\obj\311amd64_release\_freeze_module\future.obj
c:\cpython-3.11.1\pcbuild\obj\311amd64_release\_freeze_module\hamt.obj
c:\cpython-3.11.1\pcbuild\obj\311amd64_release\_freeze_module\python-tokenize.obj
c:\cpython-3.11.1\pcbuild\obj\311amd64_release\_freeze_module\_freeze_module.obj
c:\cpython-3.11.1\pcbuild\obj\311amd64_release\_freeze_module\winconsoleio.obj
c:\cpython-3.11.1\pcbuild\obj\311amd64_release\_freeze_module\fileobject.obj
c:\cpython-3.11.1\pcbuild\obj\311amd64_release\_freeze_module\methodobject.obj
c:\cpython-3.11.1\pcbuild\obj\311amd64_release\_freeze_module\myreadline.obj
c:\cpython-3.11.1\pcbuild\obj\311amd64_release\_freeze_module\context.obj
c:\cpython-3.11.1\pcbuild\obj\311amd64_release\_freeze_module\getopt.obj
c:\cpython-3.11.1\pcbuild\obj\311amd64_release\_freeze_module\mysnprintf.obj
c:\cpython-3.11.1\pcbuild\obj\311amd64_release\_freeze_module\pystrcmp.obj
c:\cpython-3.11.1\pcbuild\obj\311amd64_release\_freeze_module\bufferedio.obj
c:\cpython-3.11.1\pcbuild\obj\311amd64_release\_freeze_module\capsule.obj
c:\cpython-3.11.1\pcbuild\obj\311amd64_release\_freeze_module\exceptions.obj
c:\cpython-3.11.1\pcbuild\obj\311amd64_release\_freeze_module\rangeobject.obj
c:\cpython-3.11.1\pcbuild\obj\311amd64_release\_freeze_module\token.obj
c:\cpython-3.11.1\pcbuild\obj\311amd64_release\_freeze_module\bootstrap_hash.obj
c:\cpython-3.11.1\pcbuild\obj\311amd64_release\_freeze_module\hashtable.obj
c:\cpython-3.11.1\pcbuild\obj\311amd64_release\_freeze_module\pyctype.obj
c:\cpython-3.11.1\pcbuild\obj\311amd64_release\_freeze_module\pystate.obj
c:\cpython-3.11.1\pcbuild\obj\311amd64_release\_freeze_module\faulthandler.obj
c:\cpython-3.11.1\pcbuild\obj\311amd64_release\_freeze_module\bytes_methods.obj
c:\cpython-3.11.1\pcbuild\obj\311amd64_release\_freeze_module\dictobject.obj
c:\cpython-3.11.1\pcbuild\obj\311amd64_release\_freeze_module\object.obj
c:\cpython-3.11.1\pcbuild\obj\311amd64_release\_freeze_module\pegen_errors.obj
c:\cpython-3.11.1\pcbuild\obj\311amd64_release\_freeze_module\asdl.obj
c:\cpython-3.11.1\pcbuild\obj\311amd64_release\_freeze_module\dtoa.obj
c:\cpython-3.11.1\pcbuild\obj\311amd64_release\_freeze_module\errors.obj
c:\cpython-3.11.1\pcbuild\obj\311amd64_release\_freeze_module\modsupport.obj
c:\cpython-3.11.1\pcbuild\obj\311amd64_release\_freeze_module\pymath.obj
c:\cpython-3.11.1\pcbuild\obj\311amd64_release\_freeze_module\specialize.obj
c:\cpython-3.11.1\pcbuild\obj\311amd64_release\_freeze_module\getpath_noop.obj
c:\cpython-3.11.1\pcbuild\obj\311amd64_release\_freeze_module\boolobject.obj
c:\cpython-3.11.1\pcbuild\obj\311amd64_release\_freeze_module\funcobject.obj
c:\cpython-3.11.1\pcbuild\obj\311amd64_release\_freeze_module\setobject.obj
c:\cpython-3.11.1\pcbuild\obj\311amd64_release\_freeze_module\action_helpers.obj
c:\cpython-3.11.1\pcbuild\obj\311amd64_release\_freeze_module\_warnings.obj
c:\cpython-3.11.1\pcbuild\obj\311amd64_release\_freeze_module\getplatform.obj
c:\cpython-3.11.1\pcbuild\obj\311amd64_release\_freeze_module\pathconfig.obj
c:\cpython-3.11.1\pcbuild\obj\311amd64_release\_freeze_module\atexitmodule.obj
c:\cpython-3.11.1\pcbuild\obj\311amd64_release\_freeze_module\bytearrayobject.obj
c:\cpython-3.11.1\pcbuild\obj\311amd64_release\_freeze_module\genericaliasobject.obj
c:\cpython-3.11.1\pcbuild\obj\311amd64_release\_freeze_module\sliceobject.obj
c:\cpython-3.11.1\pcbuild\obj\311amd64_release\_freeze_module\invalid_parameter_handler.obj
c:\cpython-3.11.1\pcbuild\obj\311amd64_release\_freeze_module\ast.obj
c:\cpython-3.11.1\pcbuild\obj\311amd64_release\_freeze_module\getargs.obj
c:\cpython-3.11.1\pcbuild\obj\311amd64_release\_freeze_module\pystrhex.obj
c:\cpython-3.11.1\pcbuild\obj\311amd64_release\_freeze_module\traceback.obj
c:\cpython-3.11.1\pcbuild\obj\311amd64_release\_freeze_module\stringio.obj
c:\cpython-3.11.1\pcbuild\obj\311amd64_release\_freeze_module\classobject.obj
c:\cpython-3.11.1\pcbuild\obj\311amd64_release\_freeze_module\namespaceobject.obj
c:\cpython-3.11.1\pcbuild\obj\311amd64_release\_freeze_module\typeobject.obj
c:\cpython-3.11.1\pcbuild\obj\311amd64_release\_freeze_module\codecs.obj
c:\cpython-3.11.1\pcbuild\obj\311amd64_release\_freeze_module\getcopyright.obj
c:\cpython-3.11.1\pcbuild\obj\311amd64_release\_freeze_module\importdl.obj
c:\cpython-3.11.1\pcbuild\obj\311amd64_release\_freeze_module\iobase.obj
c:\cpython-3.11.1\pcbuild\obj\311amd64_release\_freeze_module\floatobject.obj
c:\cpython-3.11.1\pcbuild\obj\311amd64_release\_freeze_module\odictobject.obj
c:\cpython-3.11.1\pcbuild\obj\311amd64_release\_freeze_module\string_parser.obj
c:\cpython-3.11.1\pcbuild\obj\311amd64_release\_freeze_module\ast_unparse.obj
c:\cpython-3.11.1\pcbuild\obj\311amd64_release\_freeze_module\frame.obj
c:\cpython-3.11.1\pcbuild\obj\311amd64_release\_freeze_module\pyfpe.obj
c:\cpython-3.11.1\pcbuild\obj\311amd64_release\_freeze_module\pylifecycle.obj
c:\cpython-3.11.1\pcbuild\obj\311amd64_release\_freeze_module\config_minimal.obj
c:\cpython-3.11.1\pcbuild\obj\311amd64_release\_freeze_module\textio.obj
c:\cpython-3.11.1\pcbuild\obj\311amd64_release\_freeze_module\bytesobject.obj
c:\cpython-3.11.1\pcbuild\obj\311amd64_release\_freeze_module\memoryobject.obj
c:\cpython-3.11.1\pcbuild\obj\311amd64_release\_freeze_module\weakrefobject.obj
c:\cpython-3.11.1\pcbuild\obj\311amd64_release\_freeze_module\ceval.obj
c:\cpython-3.11.1\pcbuild\obj\311amd64_release\_freeze_module\pythonrun.obj
c:\cpython-3.11.1\pcbuild\obj\311amd64_release\_freeze_module\bytesio.obj
c:\cpython-3.11.1\pcbuild\obj\311amd64_release\_freeze_module\codeobject.obj
c:\cpython-3.11.1\pcbuild\obj\311amd64_release\_freeze_module\listobject.obj
c:\cpython-3.11.1\pcbuild\obj\311amd64_release\_freeze_module\parser.obj
c:\cpython-3.11.1\pcbuild\obj\311amd64_release\_freeze_module\bltinmodule.obj
c:\cpython-3.11.1\pcbuild\obj\311amd64_release\_freeze_module\getcompiler.obj
c:\cpython-3.11.1\pcbuild\obj\311amd64_release\_freeze_module\initconfig.obj
c:\cpython-3.11.1\pcbuild\obj\311amd64_release\_freeze_module\pytime.obj
c:\cpython-3.11.1\pcbuild\obj\311amd64_release\_freeze_module\gcmodule.obj
c:\cpython-3.11.1\pcbuild\obj\311amd64_release\_freeze_module\accu.obj
c:\cpython-3.11.1\pcbuild\obj\311amd64_release\_freeze_module\complexobject.obj
c:\cpython-3.11.1\pcbuild\obj\311amd64_release\_freeze_module\interpreteridobject.obj
c:\cpython-3.11.1\pcbuild\obj\311amd64_release\_freeze_module\unicodeobject.obj
c:\cpython-3.11.1\pcbuild\obj\311amd64_release\_freeze_module\dynload_win.obj
c:\cpython-3.11.1\pcbuild\obj\311amd64_release\_freeze_module\mystrtoul.obj
c:\cpython-3.11.1\pcbuild\obj\311amd64_release\_freeze_module\suggestions.obj
c:\cpython-3.11.1\pcbuild\obj\311amd64_release\_freeze_module\signalmodule.obj
c:\cpython-3.11.1\pcbuild\obj\311amd64_release\_freeze_module\cellobject.obj
c:\cpython-3.11.1\pcbuild\obj\311amd64_release\_freeze_module\longobject.obj
c:\cpython-3.11.1\pcbuild\obj\311amd64_release\_freeze_module\unicodectype.obj
c:\cpython-3.11.1\pcbuild\obj\311amd64_release\_freeze_module\pegen.obj
c:\cpython-3.11.1\pcbuild\obj\311amd64_release\_freeze_module\dynamic_annotations.obj
c:\cpython-3.11.1\pcbuild\obj\311amd64_release\_freeze_module\marshal.obj
c:\cpython-3.11.1\pcbuild\obj\311amd64_release\_freeze_module\thread.obj
c:\cpython-3.11.1\pcbuild\amd64\_freeze_module.exe
c:\cpython-3.11.1\pcbuild\amd64\_freeze_module.pdb
c:\cpython-3.11.1\pcbuild\amd64\_freeze_module.lib
c:\cpython-3.11.1\pcbuild\amd64\_freeze_module.exp
c:\cpython-3.11.1\pcbuild\obj\311amd64_release\_freeze_module\_freeze_module.vcxproj.filelistabsolute.txt
c:\cpython-3.11.1\pcbuild\obj\311amd64_release\_freeze_module\_freeze_module.tlog\cl.command.1.tlog
c:\cpython-3.11.1\pcbuild\obj\311amd64_release\_freeze_module\_freeze_module.tlog\cl.read.1.tlog
c:\cpython-3.11.1\pcbuild\obj\311amd64_release\_freeze_module\_freeze_module.tlog\cl.write.1.tlog
c:\cpython-3.11.1\pcbuild\obj\311amd64_release\_freeze_module\_freeze_module.tlog\link.command.1.tlog
c:\cpython-3.11.1\pcbuild\obj\311amd64_release\_freeze_module\_freeze_module.tlog\link.read.1.tlog
c:\cpython-3.11.1\pcbuild\obj\311amd64_release\_freeze_module\_freeze_module.tlog\link.write.1.tlog
c:\cpython-3.11.1\pcbuild\obj\311amd64_release\_freeze_module\_freeze_module.tlog\link.write.2u.tlog
