c:\cpython-3.11.1\pcbuild\obj\311amd64_release\_ssl\vc143.pdb
c:\cpython-3.11.1\pcbuild\obj\311amd64_release\_ssl\_ssl.obj
c:\cpython-3.11.1\pcbuild\obj\311amd64_release\_ssl\applink.obj
c:\cpython-3.11.1\pcbuild\amd64\_ssl.pyd
c:\cpython-3.11.1\pcbuild\amd64\_ssl.pdb
c:\cpython-3.11.1\pcbuild\obj\311amd64_release\_ssl\_ssl.iobj
c:\cpython-3.11.1\pcbuild\amd64\_ssl.lib
c:\cpython-3.11.1\pcbuild\amd64\_ssl.exp
c:\cpython-3.11.1\pcbuild\obj\311amd64_release\_ssl\python_nt.res
c:\cpython-3.11.1\pcbuild\obj\311amd64_release\_ssl\_ssl.vcxproj.filelistabsolute.txt
c:\cpython-3.11.1\pcbuild\obj\311amd64_release\_ssl\_ssl.tlog\cl.command.1.tlog
c:\cpython-3.11.1\pcbuild\obj\311amd64_release\_ssl\_ssl.tlog\cl.read.1.tlog
c:\cpython-3.11.1\pcbuild\obj\311amd64_release\_ssl\_ssl.tlog\cl.write.1.tlog
c:\cpython-3.11.1\pcbuild\obj\311amd64_release\_ssl\_ssl.tlog\link.command.1.tlog
c:\cpython-3.11.1\pcbuild\obj\311amd64_release\_ssl\_ssl.tlog\link.read.1.tlog
c:\cpython-3.11.1\pcbuild\obj\311amd64_release\_ssl\_ssl.tlog\link.write.1.tlog
c:\cpython-3.11.1\pcbuild\obj\311amd64_release\_ssl\_ssl.tlog\link.write.2u.tlog
c:\cpython-3.11.1\pcbuild\obj\311amd64_release\_ssl\_ssl.tlog\rc.command.1.tlog
c:\cpython-3.11.1\pcbuild\obj\311amd64_release\_ssl\_ssl.tlog\rc.read.1.tlog
c:\cpython-3.11.1\pcbuild\obj\311amd64_release\_ssl\_ssl.tlog\rc.write.1.tlog
